2018-10-13 11:01:50.069 [main] INFO  org.springframework.test.context.support.DefaultTestContextBootstrapper - Loaded default TestExecutionListener class names from location [META-INF/spring.factories]: [org.springframework.test.context.web.ServletTestExecutionListener, org.springframework.test.context.support.DirtiesContextBeforeModesTestExecutionListener, org.springframework.test.context.support.DependencyInjectionTestExecutionListener, org.springframework.test.context.support.DirtiesContextTestExecutionListener, org.springframework.test.context.transaction.TransactionalTestExecutionListener, org.springframework.test.context.jdbc.SqlScriptsTestExecutionListener]
2018-10-13 11:01:50.116 [main] INFO  org.springframework.test.context.support.DefaultTestContextBootstrapper - Using TestExecutionListeners: [org.springframework.test.context.web.ServletTestExecutionListener@4b9e255, org.springframework.test.context.support.DirtiesContextBeforeModesTestExecutionListener@5e57643e, org.springframework.test.context.support.DependencyInjectionTestExecutionListener@133e16fd, org.springframework.test.context.support.DirtiesContextTestExecutionListener@51b279c9, org.springframework.test.context.transaction.TransactionalTestExecutionListener@1ad282e0, org.springframework.test.context.jdbc.SqlScriptsTestExecutionListener@7f416310]
2018-10-13 11:01:50.359 [main] INFO  org.springframework.beans.factory.xml.XmlBeanDefinitionReader - Loading XML bean definitions from class path resource [spring/spring-dao.xml]
2018-10-13 11:01:50.937 [main] INFO  org.springframework.context.support.GenericApplicationContext - Refreshing org.springframework.context.support.GenericApplicationContext@62bd765: startup date [Sat Oct 13 11:01:50 CST 2018]; root of context hierarchy
2018-10-13 11:01:53.764 [Thread-1] INFO  org.springframework.context.support.GenericApplicationContext - Closing org.springframework.context.support.GenericApplicationContext@62bd765: startup date [Sat Oct 13 11:01:50 CST 2018]; root of context hierarchy
2018-10-13 11:06:17.999 [main] INFO  org.springframework.test.context.support.DefaultTestContextBootstrapper - Loaded default TestExecutionListener class names from location [META-INF/spring.factories]: [org.springframework.test.context.web.ServletTestExecutionListener, org.springframework.test.context.support.DirtiesContextBeforeModesTestExecutionListener, org.springframework.test.context.support.DependencyInjectionTestExecutionListener, org.springframework.test.context.support.DirtiesContextTestExecutionListener, org.springframework.test.context.transaction.TransactionalTestExecutionListener, org.springframework.test.context.jdbc.SqlScriptsTestExecutionListener]
2018-10-13 11:06:18.030 [main] INFO  org.springframework.test.context.support.DefaultTestContextBootstrapper - Using TestExecutionListeners: [org.springframework.test.context.web.ServletTestExecutionListener@4b9e255, org.springframework.test.context.support.DirtiesContextBeforeModesTestExecutionListener@5e57643e, org.springframework.test.context.support.DependencyInjectionTestExecutionListener@133e16fd, org.springframework.test.context.support.DirtiesContextTestExecutionListener@51b279c9, org.springframework.test.context.transaction.TransactionalTestExecutionListener@1ad282e0, org.springframework.test.context.jdbc.SqlScriptsTestExecutionListener@7f416310]
2018-10-13 11:06:18.202 [main] INFO  org.springframework.beans.factory.xml.XmlBeanDefinitionReader - Loading XML bean definitions from class path resource [spring/spring-dao.xml]
2018-10-13 11:06:18.405 [main] INFO  org.springframework.beans.factory.xml.XmlBeanDefinitionReader - Loading XML bean definitions from class path resource [spring/spring-service.xml]
2018-10-13 11:06:19.780 [main] INFO  org.springframework.context.support.GenericApplicationContext - Refreshing org.springframework.context.support.GenericApplicationContext@62bd765: startup date [Sat Oct 13 11:06:19 CST 2018]; root of context hierarchy
2018-10-13 11:06:21.253 [Thread-1] INFO  org.springframework.context.support.GenericApplicationContext - Closing org.springframework.context.support.GenericApplicationContext@62bd765: startup date [Sat Oct 13 11:06:19 CST 2018]; root of context hierarchy
2018-10-13 11:07:21.730 [main] INFO  org.springframework.test.context.support.DefaultTestContextBootstrapper - Loaded default TestExecutionListener class names from location [META-INF/spring.factories]: [org.springframework.test.context.web.ServletTestExecutionListener, org.springframework.test.context.support.DirtiesContextBeforeModesTestExecutionListener, org.springframework.test.context.support.DependencyInjectionTestExecutionListener, org.springframework.test.context.support.DirtiesContextTestExecutionListener, org.springframework.test.context.transaction.TransactionalTestExecutionListener, org.springframework.test.context.jdbc.SqlScriptsTestExecutionListener]
2018-10-13 11:07:21.762 [main] INFO  org.springframework.test.context.support.DefaultTestContextBootstrapper - Using TestExecutionListeners: [org.springframework.test.context.web.ServletTestExecutionListener@4b9e255, org.springframework.test.context.support.DirtiesContextBeforeModesTestExecutionListener@5e57643e, org.springframework.test.context.support.DependencyInjectionTestExecutionListener@133e16fd, org.springframework.test.context.support.DirtiesContextTestExecutionListener@51b279c9, org.springframework.test.context.transaction.TransactionalTestExecutionListener@1ad282e0, org.springframework.test.context.jdbc.SqlScriptsTestExecutionListener@7f416310]
2018-10-13 11:07:21.918 [main] INFO  org.springframework.beans.factory.xml.XmlBeanDefinitionReader - Loading XML bean definitions from class path resource [spring/spring-dao.xml]
2018-10-13 11:07:22.121 [main] INFO  org.springframework.beans.factory.xml.XmlBeanDefinitionReader - Loading XML bean definitions from class path resource [spring/spring-service.xml]
2018-10-13 11:07:22.320 [main] INFO  org.springframework.context.support.GenericApplicationContext - Refreshing org.springframework.context.support.GenericApplicationContext@62bd765: startup date [Sat Oct 13 11:07:22 CST 2018]; root of context hierarchy
2018-10-13 11:07:25.117 [Thread-1] INFO  org.springframework.context.support.GenericApplicationContext - Closing org.springframework.context.support.GenericApplicationContext@62bd765: startup date [Sat Oct 13 11:07:22 CST 2018]; root of context hierarchy
2018-10-13 11:14:05.076 [http-apr-8080-exec-8] INFO  org.springframework.web.servlet.DispatcherServlet - FrameworkServlet 'yto-dispatcher': initialization started
2018-10-13 11:14:05.154 [http-apr-8080-exec-8] INFO  org.springframework.web.context.support.XmlWebApplicationContext - Refreshing WebApplicationContext for namespace 'yto-dispatcher-servlet': startup date [Sat Oct 13 11:14:05 CST 2018]; root of context hierarchy
2018-10-13 11:14:05.326 [http-apr-8080-exec-8] INFO  org.springframework.beans.factory.xml.XmlBeanDefinitionReader - Loading XML bean definitions from file [H:\ideaCode\yto\target\yto\WEB-INF\classes\spring\spring-dao.xml]
2018-10-13 11:14:05.798 [http-apr-8080-exec-8] INFO  org.springframework.beans.factory.xml.XmlBeanDefinitionReader - Loading XML bean definitions from file [H:\ideaCode\yto\target\yto\WEB-INF\classes\spring\spring-service.xml]
2018-10-13 11:14:06.095 [http-apr-8080-exec-8] INFO  org.springframework.beans.factory.xml.XmlBeanDefinitionReader - Loading XML bean definitions from file [H:\ideaCode\yto\target\yto\WEB-INF\classes\spring\spring-web.xml]
2018-10-13 11:14:15.931 [http-apr-8080-exec-8] INFO  org.springframework.web.servlet.mvc.method.annotation.RequestMappingHandlerMapping - Mapped "{[/login]}" onto public yto.net.cn.dto.Result<java.lang.String> yto.net.cn.controller.YtoLoginController.login(java.lang.String,java.lang.String)
2018-10-13 11:14:18.455 [http-apr-8080-exec-8] INFO  org.springframework.web.servlet.mvc.method.annotation.RequestMappingHandlerAdapter - Looking for @ControllerAdvice: WebApplicationContext for namespace 'yto-dispatcher-servlet': startup date [Sat Oct 13 11:14:05 CST 2018]; root of context hierarchy
2018-10-13 11:14:18.549 [http-apr-8080-exec-8] INFO  org.springframework.web.servlet.mvc.method.annotation.RequestMappingHandlerAdapter - Looking for @ControllerAdvice: WebApplicationContext for namespace 'yto-dispatcher-servlet': startup date [Sat Oct 13 11:14:05 CST 2018]; root of context hierarchy
2018-10-13 11:14:18.752 [http-apr-8080-exec-8] INFO  org.springframework.web.servlet.handler.SimpleUrlHandlerMapping - Mapped URL path [/**] onto handler 'org.springframework.web.servlet.resource.DefaultServletHttpRequestHandler#0'
2018-10-13 11:14:18.940 [http-apr-8080-exec-8] INFO  org.springframework.web.servlet.DispatcherServlet - FrameworkServlet 'yto-dispatcher': initialization completed in 13864 ms
2018-10-13 11:16:49.608 [localhost-startStop-2] INFO  org.springframework.web.context.support.XmlWebApplicationContext - Closing WebApplicationContext for namespace 'yto-dispatcher-servlet': startup date [Sat Oct 13 11:14:05 CST 2018]; root of context hierarchy
2018-10-13 11:17:38.763 [http-apr-8080-exec-7] INFO  org.springframework.web.servlet.DispatcherServlet - FrameworkServlet 'yto-dispatcher': initialization started
2018-10-13 11:17:38.810 [http-apr-8080-exec-7] INFO  org.springframework.web.context.support.XmlWebApplicationContext - Refreshing WebApplicationContext for namespace 'yto-dispatcher-servlet': startup date [Sat Oct 13 11:17:38 CST 2018]; root of context hierarchy
2018-10-13 11:17:38.951 [http-apr-8080-exec-7] INFO  org.springframework.beans.factory.xml.XmlBeanDefinitionReader - Loading XML bean definitions from file [H:\ideaCode\yto\target\yto\WEB-INF\classes\spring\spring-dao.xml]
2018-10-13 11:17:40.108 [http-apr-8080-exec-7] INFO  org.springframework.beans.factory.xml.XmlBeanDefinitionReader - Loading XML bean definitions from file [H:\ideaCode\yto\target\yto\WEB-INF\classes\spring\spring-service.xml]
2018-10-13 11:17:40.294 [http-apr-8080-exec-7] INFO  org.springframework.beans.factory.xml.XmlBeanDefinitionReader - Loading XML bean definitions from file [H:\ideaCode\yto\target\yto\WEB-INF\classes\spring\spring-web.xml]
2018-10-13 11:17:43.833 [http-apr-8080-exec-7] INFO  org.springframework.web.servlet.mvc.method.annotation.RequestMappingHandlerMapping - Mapped "{[/login]}" onto public yto.net.cn.dto.Result<java.lang.String> yto.net.cn.controller.YtoLoginController.login(java.lang.String,java.lang.String)
2018-10-13 11:17:43.833 [http-apr-8080-exec-7] INFO  org.springframework.web.servlet.mvc.method.annotation.RequestMappingHandlerMapping - Mapped "{[/t]}" onto public java.lang.String yto.net.cn.controller.YtoLoginController.test1(java.lang.String,java.lang.Integer)
2018-10-13 11:17:44.541 [http-apr-8080-exec-7] INFO  org.springframework.web.servlet.mvc.method.annotation.RequestMappingHandlerAdapter - Looking for @ControllerAdvice: WebApplicationContext for namespace 'yto-dispatcher-servlet': startup date [Sat Oct 13 11:17:38 CST 2018]; root of context hierarchy
2018-10-13 11:17:46.085 [http-apr-8080-exec-7] INFO  org.springframework.web.servlet.mvc.method.annotation.RequestMappingHandlerAdapter - Looking for @ControllerAdvice: WebApplicationContext for namespace 'yto-dispatcher-servlet': startup date [Sat Oct 13 11:17:38 CST 2018]; root of context hierarchy
2018-10-13 11:17:46.210 [http-apr-8080-exec-7] INFO  org.springframework.web.servlet.handler.SimpleUrlHandlerMapping - Mapped URL path [/**] onto handler 'org.springframework.web.servlet.resource.DefaultServletHttpRequestHandler#0'
2018-10-13 11:17:46.397 [http-apr-8080-exec-7] INFO  org.springframework.web.servlet.DispatcherServlet - FrameworkServlet 'yto-dispatcher': initialization completed in 7634 ms
2018-10-13 11:19:46.608 [localhost-startStop-2] INFO  org.springframework.web.context.support.XmlWebApplicationContext - Closing WebApplicationContext for namespace 'yto-dispatcher-servlet': startup date [Sat Oct 13 11:17:38 CST 2018]; root of context hierarchy
2018-10-13 11:20:22.353 [http-apr-8080-exec-8] INFO  org.springframework.web.servlet.DispatcherServlet - FrameworkServlet 'yto-dispatcher': initialization started
2018-10-13 11:20:22.400 [http-apr-8080-exec-8] INFO  org.springframework.web.context.support.XmlWebApplicationContext - Refreshing WebApplicationContext for namespace 'yto-dispatcher-servlet': startup date [Sat Oct 13 11:20:22 CST 2018]; root of context hierarchy
2018-10-13 11:20:22.525 [http-apr-8080-exec-8] INFO  org.springframework.beans.factory.xml.XmlBeanDefinitionReader - Loading XML bean definitions from file [H:\ideaCode\yto\target\yto\WEB-INF\classes\spring\spring-dao.xml]
2018-10-13 11:20:22.759 [http-apr-8080-exec-8] INFO  org.springframework.beans.factory.xml.XmlBeanDefinitionReader - Loading XML bean definitions from file [H:\ideaCode\yto\target\yto\WEB-INF\classes\spring\spring-service.xml]
2018-10-13 11:20:23.009 [http-apr-8080-exec-8] INFO  org.springframework.beans.factory.xml.XmlBeanDefinitionReader - Loading XML bean definitions from file [H:\ideaCode\yto\target\yto\WEB-INF\classes\spring\spring-web.xml]
2018-10-13 11:20:25.496 [http-apr-8080-exec-8] INFO  org.springframework.web.servlet.mvc.method.annotation.RequestMappingHandlerMapping - Mapped "{[/login]}" onto public yto.net.cn.dto.Result<java.lang.String> yto.net.cn.controller.YtoLoginController.login(java.lang.String,java.lang.String)
2018-10-13 11:20:25.511 [http-apr-8080-exec-8] INFO  org.springframework.web.servlet.mvc.method.annotation.RequestMappingHandlerMapping - Mapped "{[/t]}" onto public java.lang.String yto.net.cn.controller.YtoLoginController.test1(java.lang.String,java.lang.Integer)
2018-10-13 11:20:25.511 [http-apr-8080-exec-8] INFO  org.springframework.web.servlet.mvc.method.annotation.RequestMappingHandlerMapping - Mapped "{[/t1]}" onto public java.lang.String yto.net.cn.controller.YtoLoginController.test2(yto.net.cn.bean.YtoLogin)
2018-10-13 11:20:26.185 [http-apr-8080-exec-8] INFO  org.springframework.web.servlet.mvc.method.annotation.RequestMappingHandlerAdapter - Looking for @ControllerAdvice: WebApplicationContext for namespace 'yto-dispatcher-servlet': startup date [Sat Oct 13 11:20:22 CST 2018]; root of context hierarchy
2018-10-13 11:20:26.295 [http-apr-8080-exec-8] INFO  org.springframework.web.servlet.mvc.method.annotation.RequestMappingHandlerAdapter - Looking for @ControllerAdvice: WebApplicationContext for namespace 'yto-dispatcher-servlet': startup date [Sat Oct 13 11:20:22 CST 2018]; root of context hierarchy
2018-10-13 11:20:26.404 [http-apr-8080-exec-8] INFO  org.springframework.web.servlet.handler.SimpleUrlHandlerMapping - Mapped URL path [/**] onto handler 'org.springframework.web.servlet.resource.DefaultServletHttpRequestHandler#0'
2018-10-13 11:20:26.576 [http-apr-8080-exec-8] INFO  org.springframework.web.servlet.DispatcherServlet - FrameworkServlet 'yto-dispatcher': initialization completed in 4223 ms
2018-10-13 11:22:05.405 [localhost-startStop-2] INFO  org.springframework.web.context.support.XmlWebApplicationContext - Closing WebApplicationContext for namespace 'yto-dispatcher-servlet': startup date [Sat Oct 13 11:20:22 CST 2018]; root of context hierarchy
2018-10-13 11:22:58.706 [http-apr-8080-exec-8] INFO  org.springframework.web.servlet.DispatcherServlet - FrameworkServlet 'yto-dispatcher': initialization started
2018-10-13 11:22:58.737 [http-apr-8080-exec-8] INFO  org.springframework.web.context.support.XmlWebApplicationContext - Refreshing WebApplicationContext for namespace 'yto-dispatcher-servlet': startup date [Sat Oct 13 11:22:58 CST 2018]; root of context hierarchy
2018-10-13 11:22:58.847 [http-apr-8080-exec-8] INFO  org.springframework.beans.factory.xml.XmlBeanDefinitionReader - Loading XML bean definitions from file [H:\ideaCode\yto\target\yto\WEB-INF\classes\spring\spring-dao.xml]
2018-10-13 11:22:59.034 [http-apr-8080-exec-8] INFO  org.springframework.beans.factory.xml.XmlBeanDefinitionReader - Loading XML bean definitions from file [H:\ideaCode\yto\target\yto\WEB-INF\classes\spring\spring-service.xml]
2018-10-13 11:23:01.318 [http-apr-8080-exec-8] INFO  org.springframework.beans.factory.xml.XmlBeanDefinitionReader - Loading XML bean definitions from file [H:\ideaCode\yto\target\yto\WEB-INF\classes\spring\spring-web.xml]
2018-10-13 11:23:03.569 [http-apr-8080-exec-8] INFO  org.springframework.web.servlet.mvc.method.annotation.RequestMappingHandlerMapping - Mapped "{[/t2]}" onto public java.lang.String yto.net.cn.controller.YtoLoginController.test3(java.lang.String[])
2018-10-13 11:23:03.569 [http-apr-8080-exec-8] INFO  org.springframework.web.servlet.mvc.method.annotation.RequestMappingHandlerMapping - Mapped "{[/t1]}" onto public java.lang.String yto.net.cn.controller.YtoLoginController.test2(yto.net.cn.bean.YtoLogin)
2018-10-13 11:23:03.569 [http-apr-8080-exec-8] INFO  org.springframework.web.servlet.mvc.method.annotation.RequestMappingHandlerMapping - Mapped "{[/t]}" onto public java.lang.String yto.net.cn.controller.YtoLoginController.test1(java.lang.String,java.lang.Integer)
2018-10-13 11:23:03.569 [http-apr-8080-exec-8] INFO  org.springframework.web.servlet.mvc.method.annotation.RequestMappingHandlerMapping - Mapped "{[/login]}" onto public yto.net.cn.dto.Result<java.lang.String> yto.net.cn.controller.YtoLoginController.login(java.lang.String,java.lang.String)
2018-10-13 11:23:04.194 [http-apr-8080-exec-8] INFO  org.springframework.web.servlet.mvc.method.annotation.RequestMappingHandlerAdapter - Looking for @ControllerAdvice: WebApplicationContext for namespace 'yto-dispatcher-servlet': startup date [Sat Oct 13 11:22:58 CST 2018]; root of context hierarchy
2018-10-13 11:23:04.319 [http-apr-8080-exec-8] INFO  org.springframework.web.servlet.mvc.method.annotation.RequestMappingHandlerAdapter - Looking for @ControllerAdvice: WebApplicationContext for namespace 'yto-dispatcher-servlet': startup date [Sat Oct 13 11:22:58 CST 2018]; root of context hierarchy
2018-10-13 11:23:04.444 [http-apr-8080-exec-8] INFO  org.springframework.web.servlet.handler.SimpleUrlHandlerMapping - Mapped URL path [/**] onto handler 'org.springframework.web.servlet.resource.DefaultServletHttpRequestHandler#0'
2018-10-13 11:23:04.642 [http-apr-8080-exec-8] INFO  org.springframework.web.servlet.DispatcherServlet - FrameworkServlet 'yto-dispatcher': initialization completed in 5936 ms
2018-10-13 11:23:22.663 [localhost-startStop-2] INFO  org.springframework.web.context.support.XmlWebApplicationContext - Closing WebApplicationContext for namespace 'yto-dispatcher-servlet': startup date [Sat Oct 13 11:22:58 CST 2018]; root of context hierarchy
